2015-03-24 21:05:18,135 DEBUG (0.062) QUERY = u'SELECT "vehicles_vsnpattern"."id", "vehicles_vsnpattern"."pattern", "vehicles_vsnpattern"."vehicle_id" FROM "vehicles_vsnpattern"' - PARAMS = (); args=()
2015-03-24 21:13:30,173 DEBUG (0.068) QUERY = u'SELECT "vehicles_vsnpattern"."id", "vehicles_vsnpattern"."pattern", "vehicles_vsnpattern"."vehicle_id" FROM "vehicles_vsnpattern"' - PARAMS = (); args=()
2015-03-24 21:13:30,215 DEBUG (0.028) QUERY = u'SELECT "vehicles_vsnpattern"."id", "vehicles_vsnpattern"."pattern", "vehicles_vsnpattern"."vehicle_id" FROM "vehicles_vsnpattern" WHERE "vehicles_vsnpattern"."pattern" = %s' - PARAMS = (u'ZJTE*V******',); args=(u'ZJTE*V******',)
2015-03-24 21:13:30,250 DEBUG (0.028) QUERY = u'SELECT "vehicles_vehicle"."id", "vehicles_vehicle"."trim_id", "vehicles_vehicle"."year", "vehicles_vehicle"."make", "vehicles_vehicle"."model", "vehicles_vehicle"."trim_name" FROM "vehicles_vehicle" WHERE "vehicles_vehicle"."id" = %s LIMIT 21' - PARAMS = (9,); args=(9,)
2015-03-24 21:13:30,287 DEBUG (0.030) QUERY = u'SELECT "vehicles_vehicle"."id", "vehicles_vehicle"."trim_id", "vehicles_vehicle"."year", "vehicles_vehicle"."make", "vehicles_vehicle"."model", "vehicles_vehicle"."trim_name" FROM "vehicles_vehicle" WHERE "vehicles_vehicle"."id" = %s LIMIT 21' - PARAMS = (11,); args=(11,)
2015-03-24 21:13:30,327 DEBUG (0.033) QUERY = u'SELECT "vehicles_vehicle"."id", "vehicles_vehicle"."trim_id", "vehicles_vehicle"."year", "vehicles_vehicle"."make", "vehicles_vehicle"."model", "vehicles_vehicle"."trim_name" FROM "vehicles_vehicle" WHERE "vehicles_vehicle"."id" = %s LIMIT 21' - PARAMS = (13,); args=(13,)
2015-03-24 21:13:30,362 DEBUG (0.028) QUERY = u'SELECT "vehicles_vehicle"."id", "vehicles_vehicle"."trim_id", "vehicles_vehicle"."year", "vehicles_vehicle"."make", "vehicles_vehicle"."model", "vehicles_vehicle"."trim_name" FROM "vehicles_vehicle" WHERE "vehicles_vehicle"."id" = %s LIMIT 21' - PARAMS = (15,); args=(15,)
2015-03-24 21:13:30,398 DEBUG (0.028) QUERY = u'SELECT "vehicles_vehicle"."id", "vehicles_vehicle"."trim_id", "vehicles_vehicle"."year", "vehicles_vehicle"."make", "vehicles_vehicle"."model", "vehicles_vehicle"."trim_name" FROM "vehicles_vehicle" WHERE "vehicles_vehicle"."id" = %s LIMIT 21' - PARAMS = (17,); args=(17,)
2015-03-24 21:17:33,084 DEBUG (0.063) QUERY = u'SELECT "vehicles_vsnpattern"."id", "vehicles_vsnpattern"."pattern", "vehicles_vsnpattern"."vehicle_id" FROM "vehicles_vsnpattern"' - PARAMS = (); args=()
2015-03-24 21:17:42,440 DEBUG (0.062) QUERY = u'SELECT "vehicles_vsnpattern"."id", "vehicles_vsnpattern"."pattern", "vehicles_vsnpattern"."vehicle_id" FROM "vehicles_vsnpattern"' - PARAMS = (); args=()
2015-03-24 21:17:42,482 DEBUG (0.028) QUERY = u'SELECT "vehicles_vsnpattern"."id", "vehicles_vsnpattern"."pattern", "vehicles_vsnpattern"."vehicle_id" FROM "vehicles_vsnpattern" WHERE "vehicles_vsnpattern"."pattern" = %s' - PARAMS = (u'ZJTE*V******',); args=(u'ZJTE*V******',)
2015-03-24 21:17:42,516 DEBUG (0.027) QUERY = u'SELECT "vehicles_vehicle"."id", "vehicles_vehicle"."trim_id", "vehicles_vehicle"."year", "vehicles_vehicle"."make", "vehicles_vehicle"."model", "vehicles_vehicle"."trim_name" FROM "vehicles_vehicle" WHERE "vehicles_vehicle"."id" = %s LIMIT 21' - PARAMS = (9,); args=(9,)
2015-03-24 21:17:42,550 DEBUG (0.027) QUERY = u'SELECT "vehicles_vehicle"."id", "vehicles_vehicle"."trim_id", "vehicles_vehicle"."year", "vehicles_vehicle"."make", "vehicles_vehicle"."model", "vehicles_vehicle"."trim_name" FROM "vehicles_vehicle" WHERE "vehicles_vehicle"."id" = %s LIMIT 21' - PARAMS = (11,); args=(11,)
2015-03-24 21:17:42,584 DEBUG (0.027) QUERY = u'SELECT "vehicles_vehicle"."id", "vehicles_vehicle"."trim_id", "vehicles_vehicle"."year", "vehicles_vehicle"."make", "vehicles_vehicle"."model", "vehicles_vehicle"."trim_name" FROM "vehicles_vehicle" WHERE "vehicles_vehicle"."id" = %s LIMIT 21' - PARAMS = (13,); args=(13,)
2015-03-24 21:17:42,620 DEBUG (0.029) QUERY = u'SELECT "vehicles_vehicle"."id", "vehicles_vehicle"."trim_id", "vehicles_vehicle"."year", "vehicles_vehicle"."make", "vehicles_vehicle"."model", "vehicles_vehicle"."trim_name" FROM "vehicles_vehicle" WHERE "vehicles_vehicle"."id" = %s LIMIT 21' - PARAMS = (15,); args=(15,)
2015-03-24 21:17:42,654 DEBUG (0.028) QUERY = u'SELECT "vehicles_vehicle"."id", "vehicles_vehicle"."trim_id", "vehicles_vehicle"."year", "vehicles_vehicle"."make", "vehicles_vehicle"."model", "vehicles_vehicle"."trim_name" FROM "vehicles_vehicle" WHERE "vehicles_vehicle"."id" = %s LIMIT 21' - PARAMS = (17,); args=(17,)
2015-03-24 21:19:52,245 DEBUG (0.062) QUERY = u'SELECT "vehicles_vsnpattern"."id", "vehicles_vsnpattern"."pattern", "vehicles_vsnpattern"."vehicle_id" FROM "vehicles_vsnpattern"' - PARAMS = (); args=()
2015-03-24 21:19:52,286 DEBUG (0.027) QUERY = u'SELECT "vehicles_vsnpattern"."id", "vehicles_vsnpattern"."pattern", "vehicles_vsnpattern"."vehicle_id" FROM "vehicles_vsnpattern" WHERE "vehicles_vsnpattern"."pattern" = %s' - PARAMS = (u'ZJTE*V******',); args=(u'ZJTE*V******',)
2015-03-24 21:19:52,321 DEBUG (0.028) QUERY = u'SELECT "vehicles_vehicle"."id", "vehicles_vehicle"."trim_id", "vehicles_vehicle"."year", "vehicles_vehicle"."make", "vehicles_vehicle"."model", "vehicles_vehicle"."trim_name" FROM "vehicles_vehicle" WHERE "vehicles_vehicle"."id" = %s LIMIT 21' - PARAMS = (9,); args=(9,)
2015-03-24 21:19:52,356 DEBUG (0.029) QUERY = u'SELECT "vehicles_vehicle"."id", "vehicles_vehicle"."trim_id", "vehicles_vehicle"."year", "vehicles_vehicle"."make", "vehicles_vehicle"."model", "vehicles_vehicle"."trim_name" FROM "vehicles_vehicle" WHERE "vehicles_vehicle"."id" = %s LIMIT 21' - PARAMS = (11,); args=(11,)
2015-03-24 21:19:52,393 DEBUG (0.029) QUERY = u'SELECT "vehicles_vehicle"."id", "vehicles_vehicle"."trim_id", "vehicles_vehicle"."year", "vehicles_vehicle"."make", "vehicles_vehicle"."model", "vehicles_vehicle"."trim_name" FROM "vehicles_vehicle" WHERE "vehicles_vehicle"."id" = %s LIMIT 21' - PARAMS = (13,); args=(13,)
2015-03-24 21:19:52,427 DEBUG (0.028) QUERY = u'SELECT "vehicles_vehicle"."id", "vehicles_vehicle"."trim_id", "vehicles_vehicle"."year", "vehicles_vehicle"."make", "vehicles_vehicle"."model", "vehicles_vehicle"."trim_name" FROM "vehicles_vehicle" WHERE "vehicles_vehicle"."id" = %s LIMIT 21' - PARAMS = (15,); args=(15,)
2015-03-24 21:19:52,460 DEBUG (0.027) QUERY = u'SELECT "vehicles_vehicle"."id", "vehicles_vehicle"."trim_id", "vehicles_vehicle"."year", "vehicles_vehicle"."make", "vehicles_vehicle"."model", "vehicles_vehicle"."trim_name" FROM "vehicles_vehicle" WHERE "vehicles_vehicle"."id" = %s LIMIT 21' - PARAMS = (17,); args=(17,)
2015-03-24 21:24:27,739 DEBUG (0.076) QUERY = u'SELECT "vehicles_vsnpattern"."id", "vehicles_vsnpattern"."pattern", "vehicles_vsnpattern"."vehicle_id" FROM "vehicles_vsnpattern"' - PARAMS = (); args=()
2015-03-24 21:24:27,781 DEBUG (0.030) QUERY = u'SELECT "vehicles_vsnpattern"."id", "vehicles_vsnpattern"."pattern", "vehicles_vsnpattern"."vehicle_id" FROM "vehicles_vsnpattern" WHERE "vehicles_vsnpattern"."pattern" = %s' - PARAMS = (u'ZJTE*V******',); args=(u'ZJTE*V******',)
2015-03-24 21:24:27,816 DEBUG (0.027) QUERY = u'SELECT "vehicles_vehicle"."id", "vehicles_vehicle"."trim_id", "vehicles_vehicle"."year", "vehicles_vehicle"."make", "vehicles_vehicle"."model", "vehicles_vehicle"."trim_name" FROM "vehicles_vehicle" WHERE "vehicles_vehicle"."id" = %s LIMIT 21' - PARAMS = (9,); args=(9,)
2015-03-24 21:24:27,850 DEBUG (0.027) QUERY = u'SELECT "vehicles_vehicle"."id", "vehicles_vehicle"."trim_id", "vehicles_vehicle"."year", "vehicles_vehicle"."make", "vehicles_vehicle"."model", "vehicles_vehicle"."trim_name" FROM "vehicles_vehicle" WHERE "vehicles_vehicle"."id" = %s LIMIT 21' - PARAMS = (11,); args=(11,)
2015-03-24 21:24:27,884 DEBUG (0.027) QUERY = u'SELECT "vehicles_vehicle"."id", "vehicles_vehicle"."trim_id", "vehicles_vehicle"."year", "vehicles_vehicle"."make", "vehicles_vehicle"."model", "vehicles_vehicle"."trim_name" FROM "vehicles_vehicle" WHERE "vehicles_vehicle"."id" = %s LIMIT 21' - PARAMS = (13,); args=(13,)
2015-03-24 21:24:27,930 DEBUG (0.039) QUERY = u'SELECT "vehicles_vehicle"."id", "vehicles_vehicle"."trim_id", "vehicles_vehicle"."year", "vehicles_vehicle"."make", "vehicles_vehicle"."model", "vehicles_vehicle"."trim_name" FROM "vehicles_vehicle" WHERE "vehicles_vehicle"."id" = %s LIMIT 21' - PARAMS = (15,); args=(15,)
2015-03-24 21:24:27,965 DEBUG (0.029) QUERY = u'SELECT "vehicles_vehicle"."id", "vehicles_vehicle"."trim_id", "vehicles_vehicle"."year", "vehicles_vehicle"."make", "vehicles_vehicle"."model", "vehicles_vehicle"."trim_name" FROM "vehicles_vehicle" WHERE "vehicles_vehicle"."id" = %s LIMIT 21' - PARAMS = (17,); args=(17,)
2015-03-24 22:03:14,511 DEBUG (0.063) QUERY = u'SELECT "vehicles_vsnpattern"."id", "vehicles_vsnpattern"."pattern", "vehicles_vsnpattern"."vehicle_id" FROM "vehicles_vsnpattern"' - PARAMS = (); args=()
2015-03-24 22:03:14,524 DEBUG /usr/local/lib/python2.7/site-packages/django/core/handlers/base.py in get_response():111 [u'ZJTE*V******']
2015-03-24 22:03:14,524 DEBUG /usr/local/lib/python2.7/site-packages/django/core/handlers/base.py in get_response():111 [u'ZJTE*V******']
2015-03-24 22:03:14,572 DEBUG (0.047) QUERY = u'SELECT "vehicles_vsnpattern"."id", "vehicles_vsnpattern"."pattern", "vehicles_vsnpattern"."vehicle_id" FROM "vehicles_vsnpattern" WHERE "vehicles_vsnpattern"."pattern" = %s' - PARAMS = (u'ZJTE*V******',); args=(u'ZJTE*V******',)
2015-03-24 22:03:14,609 DEBUG (0.028) QUERY = u'SELECT "vehicles_vehicle"."id", "vehicles_vehicle"."trim_id", "vehicles_vehicle"."year", "vehicles_vehicle"."make", "vehicles_vehicle"."model", "vehicles_vehicle"."trim_name" FROM "vehicles_vehicle" WHERE "vehicles_vehicle"."id" = %s LIMIT 21' - PARAMS = (9,); args=(9,)
2015-03-24 22:03:14,646 DEBUG (0.029) QUERY = u'SELECT "vehicles_vehicle"."id", "vehicles_vehicle"."trim_id", "vehicles_vehicle"."year", "vehicles_vehicle"."make", "vehicles_vehicle"."model", "vehicles_vehicle"."trim_name" FROM "vehicles_vehicle" WHERE "vehicles_vehicle"."id" = %s LIMIT 21' - PARAMS = (11,); args=(11,)
2015-03-24 22:03:14,682 DEBUG (0.029) QUERY = u'SELECT "vehicles_vehicle"."id", "vehicles_vehicle"."trim_id", "vehicles_vehicle"."year", "vehicles_vehicle"."make", "vehicles_vehicle"."model", "vehicles_vehicle"."trim_name" FROM "vehicles_vehicle" WHERE "vehicles_vehicle"."id" = %s LIMIT 21' - PARAMS = (13,); args=(13,)
2015-03-24 22:03:14,717 DEBUG (0.028) QUERY = u'SELECT "vehicles_vehicle"."id", "vehicles_vehicle"."trim_id", "vehicles_vehicle"."year", "vehicles_vehicle"."make", "vehicles_vehicle"."model", "vehicles_vehicle"."trim_name" FROM "vehicles_vehicle" WHERE "vehicles_vehicle"."id" = %s LIMIT 21' - PARAMS = (15,); args=(15,)
2015-03-24 22:03:14,752 DEBUG (0.029) QUERY = u'SELECT "vehicles_vehicle"."id", "vehicles_vehicle"."trim_id", "vehicles_vehicle"."year", "vehicles_vehicle"."make", "vehicles_vehicle"."model", "vehicles_vehicle"."trim_name" FROM "vehicles_vehicle" WHERE "vehicles_vehicle"."id" = %s LIMIT 21' - PARAMS = (17,); args=(17,)
2015-03-24 22:03:48,523 DEBUG (0.067) QUERY = u'SELECT "vehicles_vsnpattern"."id", "vehicles_vsnpattern"."pattern", "vehicles_vsnpattern"."vehicle_id" FROM "vehicles_vsnpattern"' - PARAMS = (); args=()
2015-03-24 22:03:48,530 DEBUG /usr/local/lib/python2.7/site-packages/django/core/handlers/base.py in get_response():111 [u'XXRC*V******', u'XXRC*V*12***', u'XXRC*V****3*']
2015-03-24 22:03:48,530 DEBUG /usr/local/lib/python2.7/site-packages/django/core/handlers/base.py in get_response():111 [u'XXRC*V******']
2015-03-24 22:03:48,563 DEBUG (0.032) QUERY = u'SELECT "vehicles_vsnpattern"."id", "vehicles_vsnpattern"."pattern", "vehicles_vsnpattern"."vehicle_id" FROM "vehicles_vsnpattern" WHERE "vehicles_vsnpattern"."pattern" = %s' - PARAMS = (u'XXRC*V******',); args=(u'XXRC*V******',)
2015-03-24 22:03:48,598 DEBUG (0.028) QUERY = u'SELECT "vehicles_vehicle"."id", "vehicles_vehicle"."trim_id", "vehicles_vehicle"."year", "vehicles_vehicle"."make", "vehicles_vehicle"."model", "vehicles_vehicle"."trim_name" FROM "vehicles_vehicle" WHERE "vehicles_vehicle"."id" = %s LIMIT 21' - PARAMS = (1,); args=(1,)
2015-03-24 22:03:48,635 DEBUG (0.029) QUERY = u'SELECT "vehicles_vehicle"."id", "vehicles_vehicle"."trim_id", "vehicles_vehicle"."year", "vehicles_vehicle"."make", "vehicles_vehicle"."model", "vehicles_vehicle"."trim_name" FROM "vehicles_vehicle" WHERE "vehicles_vehicle"."id" = %s LIMIT 21' - PARAMS = (3,); args=(3,)
2015-03-24 22:03:48,669 DEBUG (0.028) QUERY = u'SELECT "vehicles_vehicle"."id", "vehicles_vehicle"."trim_id", "vehicles_vehicle"."year", "vehicles_vehicle"."make", "vehicles_vehicle"."model", "vehicles_vehicle"."trim_name" FROM "vehicles_vehicle" WHERE "vehicles_vehicle"."id" = %s LIMIT 21' - PARAMS = (7,); args=(7,)
2015-03-24 22:04:45,617 DEBUG (0.062) QUERY = u'SELECT "vehicles_vsnpattern"."id", "vehicles_vsnpattern"."pattern", "vehicles_vsnpattern"."vehicle_id" FROM "vehicles_vsnpattern"' - PARAMS = (); args=()
2015-03-24 22:05:04,033 DEBUG (0.062) QUERY = u'SELECT "vehicles_vsnpattern"."id", "vehicles_vsnpattern"."pattern", "vehicles_vsnpattern"."vehicle_id" FROM "vehicles_vsnpattern"' - PARAMS = (); args=()
2015-03-24 22:05:04,069 DEBUG (0.028) QUERY = u'SELECT "vehicles_vsnpattern"."id", "vehicles_vsnpattern"."pattern", "vehicles_vsnpattern"."vehicle_id" FROM "vehicles_vsnpattern" WHERE "vehicles_vsnpattern"."pattern" = %s' - PARAMS = (u'YGTE*V******',); args=(u'YGTE*V******',)
2015-03-24 22:05:04,104 DEBUG (0.028) QUERY = u'SELECT "vehicles_vehicle"."id", "vehicles_vehicle"."trim_id", "vehicles_vehicle"."year", "vehicles_vehicle"."make", "vehicles_vehicle"."model", "vehicles_vehicle"."trim_name" FROM "vehicles_vehicle" WHERE "vehicles_vehicle"."id" = %s LIMIT 21' - PARAMS = (10,); args=(10,)
2015-03-24 22:05:04,139 DEBUG (0.028) QUERY = u'SELECT "vehicles_vehicle"."id", "vehicles_vehicle"."trim_id", "vehicles_vehicle"."year", "vehicles_vehicle"."make", "vehicles_vehicle"."model", "vehicles_vehicle"."trim_name" FROM "vehicles_vehicle" WHERE "vehicles_vehicle"."id" = %s LIMIT 21' - PARAMS = (12,); args=(12,)
2015-03-24 22:05:04,192 DEBUG (0.046) QUERY = u'SELECT "vehicles_vehicle"."id", "vehicles_vehicle"."trim_id", "vehicles_vehicle"."year", "vehicles_vehicle"."make", "vehicles_vehicle"."model", "vehicles_vehicle"."trim_name" FROM "vehicles_vehicle" WHERE "vehicles_vehicle"."id" = %s LIMIT 21' - PARAMS = (14,); args=(14,)
2015-03-24 22:05:04,227 DEBUG (0.028) QUERY = u'SELECT "vehicles_vehicle"."id", "vehicles_vehicle"."trim_id", "vehicles_vehicle"."year", "vehicles_vehicle"."make", "vehicles_vehicle"."model", "vehicles_vehicle"."trim_name" FROM "vehicles_vehicle" WHERE "vehicles_vehicle"."id" = %s LIMIT 21' - PARAMS = (16,); args=(16,)
2015-03-24 22:05:04,267 DEBUG (0.033) QUERY = u'SELECT "vehicles_vehicle"."id", "vehicles_vehicle"."trim_id", "vehicles_vehicle"."year", "vehicles_vehicle"."make", "vehicles_vehicle"."model", "vehicles_vehicle"."trim_name" FROM "vehicles_vehicle" WHERE "vehicles_vehicle"."id" = %s LIMIT 21' - PARAMS = (18,); args=(18,)
